<?xml version="1.0" encoding="UTF-8"?>
<!-- Generated by org.testng.reporters.JUnitReportReporter -->
<testsuite hostname="LIN51015656" failures="0" tests="2" name="academy.homePage" time="22.465" errors="0" timestamp="2022-07-15T17:14:55 IST" skipped="0">
  <testcase classname="academy.homePage" name="checkbroswerInitialization" time="12.296"/>
  <system-out/>
  <testcase classname="academy.homePage" name="checkbroswerInitialization" time="10.169"/>
  <system-out/>
</testsuite> <!-- academy.homePage -->
