<?xml version="1.0" encoding="UTF-8"?>
<!-- Generated by org.testng.reporters.JUnitReportReporter -->
<testsuite hostname="LIN51015656" failures="0" tests="1" name="Class_01" time="450.841" errors="0" timestamp="2022-04-20T12:33:17 IST" skipped="0">
  <testcase classname="Class_01" name="method_01" time="450.841"/>
  <system-out/>
</testsuite> <!-- Class_01 -->
